<?xml version="1.0" encoding="UTF-8"?>
<!-- Generated by org.testng.reporters.JUnitXMLReporter -->
<testsuite hostname="LIN59017991" ignored="0" name="SauceDemoEcommerceTest" tests="3" failures="0" timestamp="2022-06-20T13:39:57 IST" time="16.321" errors="0">
  <testcase name="validateOrderCompletePageURLTest" time="2.513" classname="com.SauceDemo.testCases.OrderCompletePageTest"/>
  <testcase name="validateOrderCompletePageTextTest" time="1.815" classname="com.SauceDemo.testCases.OrderCompletePageTest"/>
  <testcase name="clickOnBackHomeBtnTest" time="1.973" classname="com.SauceDemo.testCases.OrderCompletePageTest"/>
</testsuite> <!-- SauceDemoEcommerceTest -->
